<?xml version="1.0" encoding="UTF-8"?>
<testsuite name="GameOfLifeTest" tests="1" skipped="0" failures="0" errors="0" timestamp="2020-06-15T09:42:28" hostname="Mays" time="6.958">
  <properties/>
  <testcase name="start" classname="GameOfLifeTest" time="6.958"/>
  <system-out><![CDATA[?[1;31m
Start test 1?[0m
>5
 OOO 
O O  
 O  O
   OO
OOOOO
Generation #1
Alive: 5
     
O   O
 OO O
     
     
Generation #2
Alive: 7
     
OO OO
 O OO
     
     
Generation #3
Alive: 6
O   O
 O O 
 O O 
     
     
Generation #4
Alive: 4
O   O
 O O 
     
     
     
Generation #5
Alive: 4
O   O
O   O
     
     
     
Generation #6
Alive: 4
O   O
O   O
     
     
     
Generation #7
Alive: 4
O   O
O   O
     
     
     
Generation #8
Alive: 4
O   O
O   O
     
     
     
Generation #9
Alive: 4
O   O
O   O
     
     
     
Generation #10
Alive: 4
O   O
O   O
     
     
     
Generation #11
Alive: 4
O   O
O   O
     
     
     
Generation #12
Alive: 4
O   O
O   O
     
     
     
Generation #13
Alive: 4
O   O
O   O
     
     
     
Generation #14
Alive: 4
O   O
O   O
     
     
     
Generation #15
Alive: 4
O   O
O   O
     
     
     
Generation #16
Alive: 4
O   O
O   O
     
     
     
Generation #17
Alive: 4
O   O
O   O
     
     
     
Generation #18
Alive: 4
O   O
O   O
     
     
     
Generation #19
Alive: 4
O   O
O   O
     
     
     
Generation #20
Alive: 4
O   O
O   O
     
     
     
Generation #21
Alive: 4
O   O
O   O
     
     
     
Generation #22
Alive: 4
O   O
O   O
     
     
     
Generation #23
Alive: 4
O   O
O   O
     
     
     
Generation #24
Alive: 4
O   O
O   O
     
     
     
Generation #25
Alive: 4
O   O
O   O
     
     
     
Generation #26
Alive: 4
O   O
O   O
     
     
     
Generation #27
Alive: 4
O   O
O   O
     
     
     
Generation #28
Alive: 4
O   O
O   O
     
     
     
Generation #29
Alive: 4
O   O
O   O
     
     
     
Generation #30
Alive: 4
O   O
O   O
     
     
     
Generation #31
Alive: 4
O   O
O   O
     
     
     
Generation #32
Alive: 4
O   O
O   O
     
     
     
Generation #33
Alive: 4
O   O
O   O
     
     
     
Generation #34
Alive: 4
O   O
O   O
     
     
     
Generation #35
Alive: 4
O   O
O   O
     
     
     
Generation #36
Alive: 4
O   O
O   O
     
     
     
Generation #37
Alive: 4
O   O
O   O
     
     
     
Generation #38
Alive: 4
O   O
O   O
     
     
     
Generation #39
Alive: 4
O   O
O   O
     
     
     
Generation #40
Alive: 4
O   O
O   O
     
     
     
Generation #41
Alive: 4
O   O
O   O
     
     
     
Generation #42
Alive: 4
O   O
O   O
     
     
     
Generation #43
Alive: 4
O   O
O   O
     
     
     
Generation #44
Alive: 4
O   O
O   O
     
     
     
Generation #45
Alive: 4
O   O
O   O
     
     
     
Generation #46
Alive: 4
O   O
O   O
     
     
     
Generation #47
Alive: 4
O   O
O   O
     
     
     
Generation #48
Alive: 4
O   O
O   O
     
     
     
Generation #49
Alive: 4
O   O
O   O
     
     
     
Generation #50
Alive: 4
O   O
O   O
     
     
     
Generation #51
Alive: 4
O   O
O   O
     
     
     
Generation #52
Alive: 4
O   O
O   O
     
     
     
Generation #53
Alive: 4
O   O
O   O
     
     
     
Generation #54
Alive: 4
O   O
O   O
     
     
     
Generation #55
Alive: 4
O   O
O   O
     
     
     
Generation #56
Alive: 4
O   O
O   O
     
     
     
Generation #57
Alive: 4
O   O
O   O
     
     
     
Generation #58
Alive: 4
O   O
O   O
     
     
     
Generation #59
Alive: 4
O   O
O   O
     
     
     
Generation #60
Alive: 4
O   O
O   O
     
     
     
Generation #61
Alive: 4
O   O
O   O
     
     
     
Generation #62
Alive: 4
O   O
O   O
     
     
     
Generation #63
Alive: 4
O   O
O   O
     
     
     
Generation #64
Alive: 4
O   O
O   O
     
     
     
Generation #65
Alive: 4
O   O
O   O
     
     
     
Generation #66
Alive: 4
O   O
O   O
     
     
     
Generation #67
Alive: 4
O   O
O   O
     
     
     
Generation #68
Alive: 4
O   O
O   O
     
     
     
Generation #69
Alive: 4
O   O
O   O
     
     
     
Generation #70
Alive: 4
O   O
O   O
     
     
     
Generation #71
Alive: 4
O   O
O   O
     
     
     
Generation #72
Alive: 4
O   O
O   O
     
     
     
Generation #73
Alive: 4
O   O
O   O
     
     
     
Generation #74
Alive: 4
O   O
O   O
     
     
     
Generation #75
Alive: 4
O   O
O   O
     
     
     
Generation #76
Alive: 4
O   O
O   O
     
     
     
Generation #77
Alive: 4
O   O
O   O
     
     
     
Generation #78
Alive: 4
O   O
O   O
     
     
     
Generation #79
Alive: 4
O   O
O   O
     
     
     
Generation #80
Alive: 4
O   O
O   O
     
     
     
Generation #81
Alive: 4
O   O
O   O
     
     
     
Generation #82
Alive: 4
O   O
O   O
     
     
     
Generation #83
Alive: 4
O   O
O   O
     
     
     
Generation #84
Alive: 4
O   O
O   O
     
     
     
Generation #85
Alive: 4
O   O
O   O
     
     
     
Generation #86
Alive: 4
O   O
O   O
     
     
     
Generation #87
Alive: 4
O   O
O   O
     
     
     
Generation #88
Alive: 4
O   O
O   O
     
     
     
Generation #89
Alive: 4
O   O
O   O
     
     
     
Generation #90
Alive: 4
O   O
O   O
     
     
     
Generation #91
Alive: 4
O   O
O   O
     
     
     
Generation #92
Alive: 4
O   O
O   O
     
     
     
Generation #93
Alive: 4
O   O
O   O
     
     
     
Generation #94
Alive: 4
O   O
O   O
     
     
     
Generation #95
Alive: 4
O   O
O   O
     
     
     
Generation #96
Alive: 4
O   O
O   O
     
     
     
Generation #97
Alive: 4
O   O
O   O
     
     
     
Generation #98
Alive: 4
O   O
O   O
     
     
     
Generation #99
Alive: 4
O   O
O   O
     
     
     
Generation #100
Alive: 4
O   O
O   O
     
     
     
?[1;31m
Start test 2?[0m
>6
 OOO  
 O OOO
O OO O
   O  
 OOO  
  O O 
Generation #1
Alive: 11
OO   O
     O
OO   O
O     
 O  O 
    O 
Generation #2
Alive: 9
O   OO
    O 
 O   O
      
     O
 O  O 
Generation #3
Alive: 6
O  OO 
    O 
      
O     
      
    O 
Generation #4
Alive: 8
   OO 
   OOO
      
      
      
   OOO
Generation #5
Alive: 7
  O   
   O O
    O 
      
    O 
   O O
Generation #6
Alive: 8
  OO  
   OO 
    O 
      
    O 
   OO 
Generation #7
Alive: 9
  O   
  O O 
   OO 
      
   OO 
  O O 
Generation #8
Alive: 10
 OO   
  O O 
   OO 
      
   OO 
  O O 
Generation #9
Alive: 12
 OO   
 OO O 
   OO 
      
   OO 
 OO O 
Generation #10
Alive: 11
O     
 O  O 
  OOO 
      
  OOO 
 O  O 
Generation #11
Alive: 17
OO   O
 OO OO
  OOO 
      
  OOO 
 OO OO
Generation #12
Alive: 8
      
      
 OO OO
      
 OO OO
      
Generation #13
Alive: 0
      
      
      
      
      
      
Generation #14
Alive: 0
      
      
      
      
      
      
Generation #15
Alive: 0
      
      
      
      
      
      
Generation #16
Alive: 0
      
      
      
      
      
      
Generation #17
Alive: 0
      
      
      
      
      
      
Generation #18
Alive: 0
      
      
      
      
      
      
Generation #19
Alive: 0
      
      
      
      
      
      
Generation #20
Alive: 0
      
      
      
      
      
      
Generation #21
Alive: 0
      
      
      
      
      
      
Generation #22
Alive: 0
      
      
      
      
      
      
Generation #23
Alive: 0
      
      
      
      
      
      
Generation #24
Alive: 0
      
      
      
      
      
      
Generation #25
Alive: 0
      
      
      
      
      
      
Generation #26
Alive: 0
      
      
      
      
      
      
Generation #27
Alive: 0
      
      
      
      
      
      
Generation #28
Alive: 0
      
      
      
      
      
      
Generation #29
Alive: 0
      
      
      
      
      
      
Generation #30
Alive: 0
      
      
      
      
      
      
Generation #31
Alive: 0
      
      
      
      
      
      
Generation #32
Alive: 0
      
      
      
      
      
      
Generation #33
Alive: 0
      
      
      
      
      
      
Generation #34
Alive: 0
      
      
      
      
      
      
Generation #35
Alive: 0
      
      
      
      
      
      
Generation #36
Alive: 0
      
      
      
      
      
      
Generation #37
Alive: 0
      
      
      
      
      
      
Generation #38
Alive: 0
      
      
      
      
      
      
Generation #39
Alive: 0
      
      
      
      
      
      
Generation #40
Alive: 0
      
      
      
      
      
      
Generation #41
Alive: 0
      
      
      
      
      
      
Generation #42
Alive: 0
      
      
      
      
      
      
Generation #43
Alive: 0
      
      
      
      
      
      
Generation #44
Alive: 0
      
      
      
      
      
      
Generation #45
Alive: 0
      
      
      
      
      
      
Generation #46
Alive: 0
      
      
      
      
      
      
Generation #47
Alive: 0
      
      
      
      
      
      
Generation #48
Alive: 0
      
      
      
      
      
      
Generation #49
Alive: 0
      
      
      
      
      
      
Generation #50
Alive: 0
      
      
      
      
      
      
Generation #51
Alive: 0
      
      
      
      
      
      
Generation #52
Alive: 0
      
      
      
      
      
      
Generation #53
Alive: 0
      
      
      
      
      
      
Generation #54
Alive: 0
      
      
      
      
      
      
Generation #55
Alive: 0
      
      
      
      
      
      
Generation #56
Alive: 0
      
      
      
      
      
      
Generation #57
Alive: 0
      
      
      
      
      
      
Generation #58
Alive: 0
      
      
      
      
      
      
Generation #59
Alive: 0
      
      
      
      
      
      
Generation #60
Alive: 0
      
      
      
      
      
      
Generation #61
Alive: 0
      
      
      
      
      
      
Generation #62
Alive: 0
      
      
      
      
      
      
Generation #63
Alive: 0
      
      
      
      
      
      
Generation #64
Alive: 0
      
      
      
      
      
      
Generation #65
Alive: 0
      
      
      
      
      
      
Generation #66
Alive: 0
      
      
      
      
      
      
Generation #67
Alive: 0
      
      
      
      
      
      
Generation #68
Alive: 0
      
      
      
      
      
      
Generation #69
Alive: 0
      
      
      
      
      
      
Generation #70
Alive: 0
      
      
      
      
      
      
Generation #71
Alive: 0
      
      
      
      
      
      
Generation #72
Alive: 0
      
      
      
      
      
      
Generation #73
Alive: 0
      
      
      
      
      
      
Generation #74
Alive: 0
      
      
      
      
      
      
Generation #75
Alive: 0
      
      
      
      
      
      
Generation #76
Alive: 0
      
      
      
      
      
      
Generation #77
Alive: 0
      
      
      
      
      
      
Generation #78
Alive: 0
      
      
      
      
      
      
Generation #79
Alive: 0
      
      
      
      
      
      
Generation #80
Alive: 0
      
      
      
      
      
      
Generation #81
Alive: 0
      
      
      
      
      
      
Generation #82
Alive: 0
      
      
      
      
      
      
Generation #83
Alive: 0
      
      
      
      
      
      
Generation #84
Alive: 0
      
      
      
      
      
      
Generation #85
Alive: 0
      
      
      
      
      
      
Generation #86
Alive: 0
      
      
      
      
      
      
Generation #87
Alive: 0
      
      
      
      
      
      
Generation #88
Alive: 0
      
      
      
      
      
      
Generation #89
Alive: 0
      
      
      
      
      
      
Generation #90
Alive: 0
      
      
      
      
      
      
Generation #91
Alive: 0
      
      
      
      
      
      
Generation #92
Alive: 0
      
      
      
      
      
      
Generation #93
Alive: 0
      
      
      
      
      
      
Generation #94
Alive: 0
      
      
      
      
      
      
Generation #95
Alive: 0
      
      
      
      
      
      
Generation #96
Alive: 0
      
      
      
      
      
      
Generation #97
Alive: 0
      
      
      
      
      
      
Generation #98
Alive: 0
      
      
      
      
      
      
Generation #99
Alive: 0
      
      
      
      
      
      
Generation #100
Alive: 0
      
      
      
      
      
      
?[1;31m
Start test 3?[0m
>7
 OOOOOO
O OOOO 
O   OOO
   O OO
 O   OO
 OOO OO
O    O 
Generation #1
Alive: 7
       
       
OOO    
       
 O O   
 OO    
       
Generation #2
Alive: 6
       
 O     
 O     
O      
 O     
 OO    
       
Generation #3
Alive: 9
       
       
OO     
OO     
OOO    
 OO    
       
Generation #4
Alive: 5
       
       
OO     
      O
       
O O    
       
Generation #5
Alive: 2
       
       
O      
O      
       
       
       
Generation #6
Alive: 0
       
       
       
       
       
       
       
Generation #7
Alive: 0
       
       
       
       
       
       
       
Generation #8
Alive: 0
       
       
       
       
       
       
       
Generation #9
Alive: 0
       
       
       
       
       
       
       
Generation #10
Alive: 0
       
       
       
       
       
       
       
Generation #11
Alive: 0
       
       
       
       
       
       
       
Generation #12
Alive: 0
       
       
       
       
       
       
       
Generation #13
Alive: 0
       
       
       
       
       
       
       
Generation #14
Alive: 0
       
       
       
       
       
       
       
Generation #15
Alive: 0
       
       
       
       
       
       
       
Generation #16
Alive: 0
       
       
       
       
       
       
       
Generation #17
Alive: 0
       
       
       
       
       
       
       
Generation #18
Alive: 0
       
       
       
       
       
       
       
Generation #19
Alive: 0
       
       
       
       
       
       
       
Generation #20
Alive: 0
       
       
       
       
       
       
       
Generation #21
Alive: 0
       
       
       
       
       
       
       
Generation #22
Alive: 0
       
       
       
       
       
       
       
Generation #23
Alive: 0
       
       
       
       
       
       
       
Generation #24
Alive: 0
       
       
       
       
       
       
       
Generation #25
Alive: 0
       
       
       
       
       
       
       
Generation #26
Alive: 0
       
       
       
       
       
       
       
Generation #27
Alive: 0
       
       
       
       
       
       
       
Generation #28
Alive: 0
       
       
       
       
       
       
       
Generation #29
Alive: 0
       
       
       
       
       
       
       
Generation #30
Alive: 0
       
       
       
       
       
       
       
Generation #31
Alive: 0
       
       
       
       
       
       
       
Generation #32
Alive: 0
       
       
       
       
       
       
       
Generation #33
Alive: 0
       
       
       
       
       
       
       
Generation #34
Alive: 0
       
       
       
       
       
       
       
Generation #35
Alive: 0
       
       
       
       
       
       
       
Generation #36
Alive: 0
       
       
       
       
       
       
       
Generation #37
Alive: 0
       
       
       
       
       
       
       
Generation #38
Alive: 0
       
       
       
       
       
       
       
Generation #39
Alive: 0
       
       
       
       
       
       
       
Generation #40
Alive: 0
       
       
       
       
       
       
       
Generation #41
Alive: 0
       
       
       
       
       
       
       
Generation #42
Alive: 0
       
       
       
       
       
       
       
Generation #43
Alive: 0
       
       
       
       
       
       
       
Generation #44
Alive: 0
       
       
       
       
       
       
       
Generation #45
Alive: 0
       
       
       
       
       
       
       
Generation #46
Alive: 0
       
       
       
       
       
       
       
Generation #47
Alive: 0
       
       
       
       
       
       
       
Generation #48
Alive: 0
       
       
       
       
       
       
       
Generation #49
Alive: 0
       
       
       
       
       
       
       
Generation #50
Alive: 0
       
       
       
       
       
       
       
Generation #51
Alive: 0
       
       
       
       
       
       
       
Generation #52
Alive: 0
       
       
       
       
       
       
       
Generation #53
Alive: 0
       
       
       
       
       
       
       
Generation #54
Alive: 0
       
       
       
       
       
       
       
Generation #55
Alive: 0
       
       
       
       
       
       
       
Generation #56
Alive: 0
       
       
       
       
       
       
       
Generation #57
Alive: 0
       
       
       
       
       
       
       
Generation #58
Alive: 0
       
       
       
       
       
       
       
Generation #59
Alive: 0
       
       
       
       
       
       
       
Generation #60
Alive: 0
       
       
       
       
       
       
       
Generation #61
Alive: 0
       
       
       
       
       
       
       
Generation #62
Alive: 0
       
       
       
       
       
       
       
Generation #63
Alive: 0
       
       
       
       
       
       
       
Generation #64
Alive: 0
       
       
       
       
       
       
       
Generation #65
Alive: 0
       
       
       
       
       
       
       
Generation #66
Alive: 0
       
       
       
       
       
       
       
Generation #67
Alive: 0
       
       
       
       
       
       
       
Generation #68
Alive: 0
       
       
       
       
       
       
       
Generation #69
Alive: 0
       
       
       
       
       
       
       
Generation #70
Alive: 0
       
       
       
       
       
       
       
Generation #71
Alive: 0
       
       
       
       
       
       
       
Generation #72
Alive: 0
       
       
       
       
       
       
       
Generation #73
Alive: 0
       
       
       
       
       
       
       
Generation #74
Alive: 0
       
       
       
       
       
       
       
Generation #75
Alive: 0
       
       
       
       
       
       
       
Generation #76
Alive: 0
       
       
       
       
       
       
       
Generation #77
Alive: 0
       
       
       
       
       
       
       
Generation #78
Alive: 0
       
       
       
       
       
       
       
Generation #79
Alive: 0
       
       
       
       
       
       
       
Generation #80
Alive: 0
       
       
       
       
       
       
       
Generation #81
Alive: 0
       
       
       
       
       
       
       
Generation #82
Alive: 0
       
       
       
       
       
       
       
Generation #83
Alive: 0
       
       
       
       
       
       
       
Generation #84
Alive: 0
       
       
       
       
       
       
       
Generation #85
Alive: 0
       
       
       
       
       
       
       
Generation #86
Alive: 0
       
       
       
       
       
       
       
Generation #87
Alive: 0
       
       
       
       
       
       
       
Generation #88
Alive: 0
       
       
       
       
       
       
       
Generation #89
Alive: 0
       
       
       
       
       
       
       
Generation #90
Alive: 0
       
       
       
       
       
       
       
Generation #91
Alive: 0
       
       
       
       
       
       
       
Generation #92
Alive: 0
       
       
       
       
       
       
       
Generation #93
Alive: 0
       
       
       
       
       
       
       
Generation #94
Alive: 0
       
       
       
       
       
       
       
Generation #95
Alive: 0
       
       
       
       
       
       
       
Generation #96
Alive: 0
       
       
       
       
       
       
       
Generation #97
Alive: 0
       
       
       
       
       
       
       
Generation #98
Alive: 0
       
       
       
       
       
       
       
Generation #99
Alive: 0
       
       
       
       
       
       
       
Generation #100
Alive: 0
       
       
       
       
       
       
       
?[1;31m
Start test 4?[0m
>8
 OOO  O 
  OOO  O
 O    O 
OO    OO
  OO    
 OOOO   
OO O O O
O   O   
Generation #1
Alive: 24
OO   O O
O   OOOO
 O O OO 
OO    OO
    O  O
        
     O O
    OOO 
Generation #2
Alive: 13
 O      
  O     
 OO     
 OO O   
      OO
      O 
    OO  
    O   
Generation #3
Alive: 14
        
  O     
        
OOOO    
     OOO
      OO
    OO  
    OO  
Generation #4
Alive: 14
        
        
   O    
OOO   OO
 OO  O  
    O  O
    O   
    OO  
Generation #5
Alive: 18
        
        
OOO    O
O  O  OO
  OO O  
   OOO  
   OO   
    OO  
Generation #6
Alive: 15
        
OO      
 OO   O 
   OO O 
  O  O O
     O  
        
   OOO  
Generation #7
Alive: 20
    O   
OOO     
OOOO O O
 O OO OO
   O O  
      O 
     O  
    O   
Generation #8
Alive: 17
 O O    
    O  O
     O  
 O     O
  OO O O
    OOO 
     O  
    OO  
Generation #9
Alive: 16
   O O  
    O   
O     O 
O O O   
O OO O O
   O    
        
    OO  
Generation #10
Alive: 22
   O O  
    OO  
 O O O O
O O OOO 
O O    O
  OOO   
    O   
    OO  
Generation #11
Alive: 22
   O  O 
  OO O  
OOOO   O
  O OO  
O O   OO
 OO O   
        
   O O  
Generation #12
Alive: 25
   O OO 
O     OO
O    OO 
    OO  
O O O OO
OOOO   O
  OOO   
    O   
Generation #13
Alive: 19
    OOO 
O   O   
O   O   
OO OO   
  O O O 
     OO 
O   O   
  O     
Generation #14
Alive: 27
   OOO  
   OO  O
O   OO O
OOO O  O
 OO O OO
   OO OO
     O  
   OO   
Generation #15
Alive: 17
  O  O  
O      O
  O  O  
  O O   
    O   
O OOO  O
     OO 
   O    
Generation #16
Alive: 21
        
 O    O 
 O O    
    OO  
 OO OO  
   OO OO
  O  OOO
    OOO 
Generation #17
Alive: 13
      O 
  O     
  O OO  
 O   O  
  O     
OO     O
        
    O  O
Generation #18
Alive: 16
        
   O O  
 OOOOO  
 OOOOO  
  O     
OO      
       O
        
Generation #19
Alive: 10
        
   O O  
 O    O 
     O  
O   O   
OO      
O       
        
Generation #20
Alive: 11
        
        
    OOO 
     O  
OO      
OO     O
OO      
        
Generation #21
Alive: 13
        
     O  
    OOO 
    OOO 
 O     O
  O    O
 O     O
        
Generation #22
Alive: 13
        
    OOO 
        
    O  O
O    O O
 OO   OO
O       
        
Generation #23
Alive: 14
     O  
     O  
    O O 
O     OO
 O   O  
 O    O 
OO     O
        
Generation #24
Alive: 17
        
    OOO 
      O 
O     OO
 O   O  
 OO   OO
OO     O
O       
Generation #25
Alive: 18
     O  
     OO 
        
O    OOO
 OO  O  
  O   OO
  O   O 
OO     O
Generation #26
Alive: 24
O    O O
     OO 
        
OO   OOO
 OO  O  
  OO OOO
  O   O 
OO    OO
Generation #27
Alive: 21
 O   O  
     OOO
O       
OOO  OOO
   O    
   OOO O
  OO    
 O   O  
Generation #28
Alive: 20
O   OO  
O    OOO
        
OOO   OO
 O O    
        
  OO OO 
 O  O   
Generation #29
Alive: 24
OO  O   
O   OOOO
     O  
OOO    O
 O     O
   OO   
  OOOO  
 OO   O 
Generation #30
Alive: 21
  OOO   
OO  O OO
    OO  
 OO   OO
 O O   O
     O  
 O   O  
O       
Generation #31
Alive: 29
  OOOO  
OOO   OO
  OOO   
 OOOOOOO
 O     O
O O O O 
        
 OOOO   
Generation #32
Alive: 17
     OOO
O     OO
        
 O   OOO
        
OO     O
    OO  
 O   O  
Generation #33
Alive: 11
     O  
O    O  
     O  
      O 
 O      
O       
 O  OOO 
        
Generation #34
Alive: 11
        
    OOO 
     OO 
        
        
OO   O  
     O  
    O O 
Generation #35
Alive: 10
    O O 
    O O 
    O O 
        
        
        
    OOO 
     O  
Generation #36
Alive: 10
    O O 
   OO OO
        
        
        
     O  
    OOO 
        
Generation #37
Alive: 16
   OO OO
   OO OO
        
        
        
    OOO 
    OOO 
    O O 
Generation #38
Alive: 9
        
   OO OO
        
        
     O  
    O O 
   O   O
        
Generation #39
Alive: 4
        
        
        
        
     O  
    OOO 
        
        
Generation #40
Alive: 7
        
        
        
        
    OOO 
    OOO 
     O  
        
Generation #41
Alive: 6
        
        
        
     O  
    O O 
        
    OOO 
        
Generation #42
Alive: 6
        
        
        
     O  
     O  
    O O 
     O  
     O  
Generation #43
Alive: 8
        
        
        
        
    OOO 
    O O 
    OOO 
        
Generation #44
Alive: 8
        
        
        
     O  
    O O 
   O   O
    O O 
     O  
Generation #45
Alive: 12
        
        
        
     O  
    OOO 
   OO OO
    OOO 
     O  
Generation #46
Alive: 12
        
        
        
    OOO 
   O   O
   O   O
   O   O
    OOO 
Generation #47
Alive: 20
     O  
        
     O  
    OOO 
   O O O
O OOO OO
   O O O
    OOO 
Generation #48
Alive: 12
    OOO 
        
    OOO 
        
O O     
O O     
O O     
        
Generation #49
Alive: 8
     O  
        
     O  
     O  
        
O OO   O
        
     O  
Generation #50
Alive: 0
        
        
        
        
        
        
        
        
Generation #51
Alive: 0
        
        
        
        
        
        
        
        
Generation #52
Alive: 0
        
        
        
        
        
        
        
        
Generation #53
Alive: 0
        
        
        
        
        
        
        
        
Generation #54
Alive: 0
        
        
        
        
        
        
        
        
Generation #55
Alive: 0
        
        
        
        
        
        
        
        
Generation #56
Alive: 0
        
        
        
        
        
        
        
        
Generation #57
Alive: 0
        
        
        
        
        
        
        
        
Generation #58
Alive: 0
        
        
        
        
        
        
        
        
Generation #59
Alive: 0
        
        
        
        
        
        
        
        
Generation #60
Alive: 0
        
        
        
        
        
        
        
        
Generation #61
Alive: 0
        
        
        
        
        
        
        
        
Generation #62
Alive: 0
        
        
        
        
        
        
        
        
Generation #63
Alive: 0
        
        
        
        
        
        
        
        
Generation #64
Alive: 0
        
        
        
        
        
        
        
        
Generation #65
Alive: 0
        
        
        
        
        
        
        
        
Generation #66
Alive: 0
        
        
        
        
        
        
        
        
Generation #67
Alive: 0
        
        
        
        
        
        
        
        
Generation #68
Alive: 0
        
        
        
        
        
        
        
        
Generation #69
Alive: 0
        
        
        
        
        
        
        
        
Generation #70
Alive: 0
        
        
        
        
        
        
        
        
Generation #71
Alive: 0
        
        
        
        
        
        
        
        
Generation #72
Alive: 0
        
        
        
        
        
        
        
        
Generation #73
Alive: 0
        
        
        
        
        
        
        
        
Generation #74
Alive: 0
        
        
        
        
        
        
        
        
Generation #75
Alive: 0
        
        
        
        
        
        
        
        
Generation #76
Alive: 0
        
        
        
        
        
        
        
        
Generation #77
Alive: 0
        
        
        
        
        
        
        
        
Generation #78
Alive: 0
        
        
        
        
        
        
        
        
Generation #79
Alive: 0
        
        
        
        
        
        
        
        
Generation #80
Alive: 0
        
        
        
        
        
        
        
        
Generation #81
Alive: 0
        
        
        
        
        
        
        
        
Generation #82
Alive: 0
        
        
        
        
        
        
        
        
Generation #83
Alive: 0
        
        
        
        
        
        
        
        
Generation #84
Alive: 0
        
        
        
        
        
        
        
        
Generation #85
Alive: 0
        
        
        
        
        
        
        
        
Generation #86
Alive: 0
        
        
        
        
        
        
        
        
Generation #87
Alive: 0
        
        
        
        
        
        
        
        
Generation #88
Alive: 0
        
        
        
        
        
        
        
        
Generation #89
Alive: 0
        
        
        
        
        
        
        
        
Generation #90
Alive: 0
        
        
        
        
        
        
        
        
Generation #91
Alive: 0
        
        
        
        
        
        
        
        
Generation #92
Alive: 0
        
        
        
        
        
        
        
        
Generation #93
Alive: 0
        
        
        
        
        
        
        
        
Generation #94
Alive: 0
        
        
        
        
        
        
        
        
Generation #95
Alive: 0
        
        
        
        
        
        
        
        
Generation #96
Alive: 0
        
        
        
        
        
        
        
        
Generation #97
Alive: 0
        
        
        
        
        
        
        
        
Generation #98
Alive: 0
        
        
        
        
        
        
        
        
Generation #99
Alive: 0
        
        
        
        
        
        
        
        
Generation #100
Alive: 0
        
        
        
        
        
        
        
        
?[1;31m
Start test 5?[0m
>9
  OO O  O
 OO OO OO
 O OOOO  
 OOO OO O
O OOOOO O
OOO  OOOO
O     OOO
  O O  OO
 O  O   O
Generation #1
Alive: 19
     OO O
 O     OO
        O
        O
         
  O      
  OO     
 O O OO  
 O  OO  O
Generation #2
Alive: 18
    OOO O
      O O
        O
         
         
  OO     
 O OO    
OO O OO  
  O      
Generation #3
Alive: 21
     OO  
O     O O
       O 
         
         
  OOO    
OO   O   
OO O O   
OOOO   O 
Generation #4
Alive: 21
  O  OO  
     OO O
       OO
         
   O     
 OOOO    
O    O   
   O  O  
O  O O  O
Generation #5
Alive: 23
O       O
     O  O
      OOO
         
   OO    
 OOOO    
 O   O   
O    OO O
  OO O O 
Generation #6
Alive: 27
O   O OOO
      O  
      OOO
       O 
    O    
 O   O   
 O O OO  
OOO  O OO
 O  OO O 
Generation #7
Alive: 21
O   O   O
O        
      O O
      OOO
         
  O  OO  
     O OO
   O   OO
  OOO    
Generation #8
Alive: 27
OO  O   O
O      O 
O     O O
      O O
     O   
     OOO 
    OO  O
  OO  OOO
O O O  O 
Generation #9
Alive: 22
   O   O 
       O 
O     O  
O    OO O
     O   
       O 
   OO   O
OOO   O  
  O OOO  
Generation #10
Alive: 35
   OOO O 
      OOO
O    OO  
O    OOOO
     O OO
    O    
OOOO   OO
OOO   OO 
  O OOOO 
Generation #11
Alive: 18
   O     
        O
O        
O   O    
O   OO   
 OOOO O  
   O  OO 
    O    
  O      
Generation #12
Alive: 17
         
         
O       O
OO  OO  O
O O      
 OO   OO 
      OO 
   O     
   O     
Generation #13
Alive: 15
         
         
 O      O
         
  OO OOO 
 OO   OOO
  O   OO 
         
         
Generation #14
Alive: 14
         
         
         
  O   OO 
 OOO O  O
 O      O
 OO   O O
         
         
Generation #15
Alive: 14
         
         
         
 OOO  OO 
 O O  O O
   O    O
 OO    O 
         
         
Generation #16
Alive: 15
         
         
  O      
OO O  OO 
 O OO O O
 O O    O
  O      
         
         
Generation #17
Alive: 21
         
         
 OO      
OO OOOOOO
 O OOOO O
 O OO  O 
  O      
         
         
Generation #18
Alive: 16
         
         
 OOOOOOOO
        O
 O       
OO    OO 
  OO     
         
         
Generation #19
Alive: 27
         
  OOOOOO 
O OOOOOOO
 O OOOO O
 O     OO
OO       
 OO      
         
         
Generation #20
Alive: 18
   OOOO  
 OO      
O        
 O       
 O  OOOOO
        O
OOO      
         
         
Generation #21
Alive: 29
  OOOO   
 OOOOO   
O O      
 O   OOOO
     OOOO
  O  OO O
OO       
 O       
    OO   
Generation #22
Alive: 19
 O    O  
     O   
O      OO
 O   O   
    O    
 O   O  O
OOO      
OO       
  O  O   
Generation #23
Alive: 21
     OO  
O     OOO
O     O O
O       O
O   OO   
 OO      
  O     O
O        
O O      
Generation #24
Alive: 21
OO   OO  
O        
 O    O  
 O   O O 
O       O
OOOO     
O O      
O       O
 O       
Generation #25
Alive: 21
OO       
O    OO  
OO    O  
 O    OOO
        O
  OO     
  OO     
O       O
 O      O
Generation #26
Alive: 23
 O      O
     OO O
 O       
 O    O O
O O     O
  OO     
 OOO     
OOO     O
 O      O
Generation #27
Alive: 18
        O
       O 
     OO  
 OO    OO
O OO   OO
O        
         
   O    O
       OO
Generation #28
Alive: 18
        O
      OO 
      O O
 OOO     
  OO   O 
OO       
         
       OO
O      OO
Generation #29
Alive: 18
O     O  
      O O
  O   O  
 O O   O 
O  O     
 OO      
O       O
O      O 
O        
Generation #30
Alive: 20
O      OO
     OO  
  O   O  
 O O     
O  O     
 OO     O
O       O
OO       
OO       
Generation #31
Alive: 20
OO    OOO
     OO O
  O  OO  
 O O     
O  O     
 OO     O
  O     O
         
         
Generation #32
Alive: 26
O    OO O
 O      O
  O OOOO 
 O OO    
O  O     
 OOO    O
OOO      
         
O      OO
Generation #33
Alive: 22
 O    O  
 O  O   O
OOO OOOO 
 O    O  
O        
   O    O
O  O     
         
O     OO 
Generation #34
Alive: 23
 O   OO O
   OO   O
  OOO OOO
  O   OOO
O        
O       O
         
        O
      OO 
Generation #35
Alive: 26
O   OOO O
        O
O O O O  
OOO  OO  
OO       
O       O
O       O
       O 
O    OO O
Generation #36
Alive: 25
    O O  
 O OO O O
O OO  OOO
  OO OO O
  O      
         
O      O 
      OO 
O   O    
Generation #37
Alive: 21
O   O  O 
 O  O O O
         
O   OOO O
  OO     
         
      OOO
      OO 
      OO 
Generation #38
Alive: 19
O        
O    O OO
    O O O
   OOO   
   OOO   
       O 
      O O
     O   
     O   
Generation #39
Alive: 22
O     O  
O    OOO 
O  O  O O
      O  
   O OO  
    OOOO 
      OO 
     OO  
         
Generation #40
Alive: 18
     OOOO
OO   O   
O       O
    O O  
         
    O    
    O    
     OOO 
     OO  
Generation #41
Alive: 17
O   O  OO
 O   O   
OO   O  O
         
     O   
         
    O O  
    O  O 
    O   O
Generation #42
Alive: 22
O   OO OO
 O  OOOO 
OO       
O        
         
     O   
     O   
   OO  O 
O  OOO   
Generation #43
Alive: 19
OO     O 
 O  O  O 
OO   OO O
OO       
         
         
     OO  
   O  O  
O      O 
Generation #44
Alive: 23
OO    OO 
  O  O O 
  O  OOOO
 O      O
         
         
     OO  
     OOO 
OO    OO 
Generation #45
Alive: 19
O O  O   
O O  O   
OOO  O  O
O     O O
         
         
     O O 
        O
OO       
Generation #46
Alive: 19
O O     O
  OOOOO  
  O  OOO 
       OO
         
         
         
O       O
OO      O
Generation #47
Alive: 15
  O OO OO
  O O   O
  O     O
       OO
         
         
         
 O      O
       O 
Generation #48
Alive: 19
    OOOOO
OOO OO  O
O  O    O
       OO
         
         
         
         
O     OO 
Generation #49
Alive: 10
   OO    
 OO      
  OOO    
O      OO
         
         
         
         
         
Generation #50
Alive: 10
  OO     
 O       
O OO    O
   O    O
        O
         
         
         
         
Generation #51
Alive: 12
  O      
OO       
OOOO    O
  OO   OO
         
         
         
         
         
Generation #52
Alive: 8
 O       
   O    O
   O   O 
   O   OO
         
         
         
         
         
Generation #53
Alive: 7
         
  O      
  OOO  O 
       OO
         
         
         
         
         
Generation #54
Alive: 8
         
  O      
  OO   OO
   O   OO
         
         
         
         
         
Generation #55
Alive: 10
         
  OO     
  OO   OO
  OO   OO
         
         
         
         
         
Generation #56
Alive: 10
         
  OO     
 O  O  OO
  OO   OO
         
         
         
         
         
Generation #57
Alive: 12
         
  OO     
OO  O  OO
O OO   OO
         
         
         
         
         
Generation #58
Alive: 11
         
OOOO    O
    O  O 
  OO   O 
        O
         
         
         
         
Generation #59
Alive: 14
OOO      
OOOO    O
O   O  O 
   O   OO
         
         
         
         
         
Generation #60
Alive: 8
   O    O
   O     
    O  O 
       OO
         
         
         
         
 O       
Generation #61
Alive: 7
  O      
   OO    
       OO
       OO
         
         
         
         
         
Generation #62
Alive: 6
   O     
   O     
       OO
       OO
         
         
         
         
         
Generation #63
Alive: 4
         
         
       OO
       OO
         
         
         
         
         
Generation #64
Alive: 4
         
         
       OO
       OO
         
         
         
         
         
Generation #65
Alive: 4
         
         
       OO
       OO
         
         
         
         
         
Generation #66
Alive: 4
         
         
       OO
       OO
         
         
         
         
         
Generation #67
Alive: 4
         
         
       OO
       OO
         
         
         
         
         
Generation #68
Alive: 4
         
         
       OO
       OO
         
         
         
         
         
Generation #69
Alive: 4
         
         
       OO
       OO
         
         
         
         
         
Generation #70
Alive: 4
         
         
       OO
       OO
         
         
         
         
         
Generation #71
Alive: 4
         
         
       OO
       OO
         
         
         
         
         
Generation #72
Alive: 4
         
         
       OO
       OO
         
         
         
         
         
Generation #73
Alive: 4
         
         
       OO
       OO
         
         
         
         
         
Generation #74
Alive: 4
         
         
       OO
       OO
         
         
         
         
         
Generation #75
Alive: 4
         
         
       OO
       OO
         
         
         
         
         
Generation #76
Alive: 4
         
         
       OO
       OO
         
         
         
         
         
Generation #77
Alive: 4
         
         
       OO
       OO
         
         
         
         
         
Generation #78
Alive: 4
         
         
       OO
       OO
         
         
         
         
         
Generation #79
Alive: 4
         
         
       OO
       OO
         
         
         
         
         
Generation #80
Alive: 4
         
         
       OO
       OO
         
         
         
         
         
Generation #81
Alive: 4
         
         
       OO
       OO
         
         
         
         
         
Generation #82
Alive: 4
         
         
       OO
       OO
         
         
         
         
         
Generation #83
Alive: 4
         
         
       OO
       OO
         
         
         
         
         
Generation #84
Alive: 4
         
         
       OO
       OO
         
         
         
         
         
Generation #85
Alive: 4
         
         
       OO
       OO
         
         
         
         
         
Generation #86
Alive: 4
         
         
       OO
       OO
         
         
         
         
         
Generation #87
Alive: 4
         
         
       OO
       OO
         
         
         
         
         
Generation #88
Alive: 4
         
         
       OO
       OO
         
         
         
         
         
Generation #89
Alive: 4
         
         
       OO
       OO
         
         
         
         
         
Generation #90
Alive: 4
         
         
       OO
       OO
         
         
         
         
         
Generation #91
Alive: 4
         
         
       OO
       OO
         
         
         
         
         
Generation #92
Alive: 4
         
         
       OO
       OO
         
         
         
         
         
Generation #93
Alive: 4
         
         
       OO
       OO
         
         
         
         
         
Generation #94
Alive: 4
         
         
       OO
       OO
         
         
         
         
         
Generation #95
Alive: 4
         
         
       OO
       OO
         
         
         
         
         
Generation #96
Alive: 4
         
         
       OO
       OO
         
         
         
         
         
Generation #97
Alive: 4
         
         
       OO
       OO
         
         
         
         
         
Generation #98
Alive: 4
         
         
       OO
       OO
         
         
         
         
         
Generation #99
Alive: 4
         
         
       OO
       OO
         
         
         
         
         
Generation #100
Alive: 4
         
         
       OO
       OO
         
         
         
         
         
?[1;31m
Start test 6?[0m
>10
  OO O  OO
OOOOO  OOO
    OOOO  
 O  OOO   
O O   OOO 
    O  O O
 O  OO  O 
OOOOO OO O
      O O 
OO OOO  OO
Generation #1
Alive: 34
     OO   
OO        
         O
 O OO   O 
OO OO   OO
OO OO    O
 O        
OOOOO O  O
      O   
OO O OO   
Generation #2
Alive: 28
  O OOO   
O         
 OO      O
 O OO   O 
     O  O 
   OO   O 
     O    
OOOO O    
      OO O
    O  O  
Generation #3
Alive: 45
   OOOO   
O OO O    
 OOO     O
OO OO   OO
  O  O OOO
    OO    
 O   O    
OOO OO    
OOOOOOOOO 
   OO  OO 
Generation #4
Alive: 28
      OO  
O    OO   
        O 
    O  O  
 OO  OOO  
    OO  O 
OOOO  O   
       O O
O       O 
 O      OO
Generation #5
Alive: 38
O    OOOOO
     OO   
     OOO  
     O OO 
   O   OO 
O   O     
OOOOOOOOOO
  O    OOO
O      O  
O       OO
Generation #6
Alive: 25
O    O    
    O    O
    O   O 
    OO    
    O OOOO
O         
  O OOO   
  O OO    
OO     O  
 O        
Generation #7
Alive: 28
O         
    OO   O
   OO     
   OO O  O
    O OOOO
   OO   OO
 O  O O   
  O O     
OOO       
 O        
Generation #8
Alive: 22
O         
   OOO    
          
      O  O
O     O   
O  OO O  O
  O O     
O O  O    
O OO      
  O       
Generation #9
Alive: 23
   OO     
    O     
    OO    
          
O     OO  
OO OO    O
O O O    O
  O O     
  OO      
  OO      
Generation #10
Alive: 22
  O O     
          
    OO    
     OO   
OO       O
  OOOO  O 
  O OO   O
  O O     
 O  O     
          
Generation #11
Alive: 26
          
   OOO    
    OOO   
O   OOO   
OOOO  O  O
  O  O  O 
 OO       
 OO O     
   O      
   O      
Generation #12
Alive: 17
   O      
   O  O   
          
O O    O O
O OO  OO O
         O
          
 O        
   OO     
          
Generation #13
Alive: 15
          
          
          
O OO  OO O
  OO  OO  
O       OO
          
          
          
   OO     
Generation #14
Alive: 13
          
          
          
 OOO  OOO 
  OO  O   
       OOO
         O
          
          
          
Generation #15
Alive: 14
          
          
  O    O  
 O O  OO  
 O O  O  O
       OOO
         O
          
          
          
Generation #16
Alive: 14
          
          
  O   OO  
OO O  OOO 
      O  O
       O O
         O
          
          
          
Generation #17
Alive: 15
          
          
 OO   O O 
OOO  O  OO
      O  O
O        O
        O 
          
          
          
Generation #18
Alive: 11
          
          
  O    OO 
  O  OO O 
          
O       OO
         O
          
          
          
Generation #19
Alive: 13
          
          
      OOO 
      O O 
       OO 
O       OO
O       OO
          
          
          
Generation #20
Alive: 9
          
       O  
      O O 
      O  O
          
O         
O       O 
         O
          
          
Generation #21
Alive: 7
          
       O  
      O O 
       O  
          
         O
O         
         O
          
          
Generation #22
Alive: 6
          
       O  
      O O 
       O  
          
          
O        O
          
          
          
Generation #23
Alive: 4
          
       O  
      O O 
       O  
          
          
          
          
          
          
Generation #24
Alive: 4
          
       O  
      O O 
       O  
          
          
          
          
          
          
Generation #25
Alive: 4
          
       O  
      O O 
       O  
          
          
          
          
          
          
Generation #26
Alive: 4
          
       O  
      O O 
       O  
          
          
          
          
          
          
Generation #27
Alive: 4
          
       O  
      O O 
       O  
          
          
          
          
          
          
Generation #28
Alive: 4
          
       O  
      O O 
       O  
          
          
          
          
          
          
Generation #29
Alive: 4
          
       O  
      O O 
       O  
          
          
          
          
          
          
Generation #30
Alive: 4
          
       O  
      O O 
       O  
          
          
          
          
          
          
Generation #31
Alive: 4
          
       O  
      O O 
       O  
          
          
          
          
          
          
Generation #32
Alive: 4
          
       O  
      O O 
       O  
          
          
          
          
          
          
Generation #33
Alive: 4
          
       O  
      O O 
       O  
          
          
          
          
          
          
Generation #34
Alive: 4
          
       O  
      O O 
       O  
          
          
          
          
          
          
Generation #35
Alive: 4
          
       O  
      O O 
       O  
          
          
          
          
          
          
Generation #36
Alive: 4
          
       O  
      O O 
       O  
          
          
          
          
          
          
Generation #37
Alive: 4
          
       O  
      O O 
       O  
          
          
          
          
          
          
Generation #38
Alive: 4
          
       O  
      O O 
       O  
          
          
          
          
          
          
Generation #39
Alive: 4
          
       O  
      O O 
       O  
          
          
          
          
          
          
Generation #40
Alive: 4
          
       O  
      O O 
       O  
          
          
          
          
          
          
Generation #41
Alive: 4
          
       O  
      O O 
       O  
          
          
          
          
          
          
Generation #42
Alive: 4
          
       O  
      O O 
       O  
          
          
          
          
          
          
Generation #43
Alive: 4
          
       O  
      O O 
       O  
          
          
          
          
          
          
Generation #44
Alive: 4
          
       O  
      O O 
       O  
          
          
          
          
          
          
Generation #45
Alive: 4
          
       O  
      O O 
       O  
          
          
          
          
          
          
Generation #46
Alive: 4
          
       O  
      O O 
       O  
          
          
          
          
          
          
Generation #47
Alive: 4
          
       O  
      O O 
       O  
          
          
          
          
          
          
Generation #48
Alive: 4
          
       O  
      O O 
       O  
          
          
          
          
          
          
Generation #49
Alive: 4
          
       O  
      O O 
       O  
          
          
          
          
          
          
Generation #50
Alive: 4
          
       O  
      O O 
       O  
          
          
          
          
          
          
Generation #51
Alive: 4
          
       O  
      O O 
       O  
          
          
          
          
          
          
Generation #52
Alive: 4
          
       O  
      O O 
       O  
          
          
          
          
          
          
Generation #53
Alive: 4
          
       O  
      O O 
       O  
          
          
          
          
          
          
Generation #54
Alive: 4
          
       O  
      O O 
       O  
          
          
          
          
          
          
Generation #55
Alive: 4
          
       O  
      O O 
       O  
          
          
          
          
          
          
Generation #56
Alive: 4
          
       O  
      O O 
       O  
          
          
          
          
          
          
Generation #57
Alive: 4
          
       O  
      O O 
       O  
          
          
          
          
          
          
Generation #58
Alive: 4
          
       O  
      O O 
       O  
          
          
          
          
          
          
Generation #59
Alive: 4
          
       O  
      O O 
       O  
          
          
          
          
          
          
Generation #60
Alive: 4
          
       O  
      O O 
       O  
          
          
          
          
          
          
Generation #61
Alive: 4
          
       O  
      O O 
       O  
          
          
          
          
          
          
Generation #62
Alive: 4
          
       O  
      O O 
       O  
          
          
          
          
          
          
Generation #63
Alive: 4
          
       O  
      O O 
       O  
          
          
          
          
          
          
Generation #64
Alive: 4
          
       O  
      O O 
       O  
          
          
          
          
          
          
Generation #65
Alive: 4
          
       O  
      O O 
       O  
          
          
          
          
          
          
Generation #66
Alive: 4
          
       O  
      O O 
       O  
          
          
          
          
          
          
Generation #67
Alive: 4
          
       O  
      O O 
       O  
          
          
          
          
          
          
Generation #68
Alive: 4
          
       O  
      O O 
       O  
          
          
          
          
          
          
Generation #69
Alive: 4
          
       O  
      O O 
       O  
          
          
          
          
          
          
Generation #70
Alive: 4
          
       O  
      O O 
       O  
          
          
          
          
          
          
Generation #71
Alive: 4
          
       O  
      O O 
       O  
          
          
          
          
          
          
Generation #72
Alive: 4
          
       O  
      O O 
       O  
          
          
          
          
          
          
Generation #73
Alive: 4
          
       O  
      O O 
       O  
          
          
          
          
          
          
Generation #74
Alive: 4
          
       O  
      O O 
       O  
          
          
          
          
          
          
Generation #75
Alive: 4
          
       O  
      O O 
       O  
          
          
          
          
          
          
Generation #76
Alive: 4
          
       O  
      O O 
       O  
          
          
          
          
          
          
Generation #77
Alive: 4
          
       O  
      O O 
       O  
          
          
          
          
          
          
Generation #78
Alive: 4
          
       O  
      O O 
       O  
          
          
          
          
          
          
Generation #79
Alive: 4
          
       O  
      O O 
       O  
          
          
          
          
          
          
Generation #80
Alive: 4
          
       O  
      O O 
       O  
          
          
          
          
          
          
Generation #81
Alive: 4
          
       O  
      O O 
       O  
          
          
          
          
          
          
Generation #82
Alive: 4
          
       O  
      O O 
       O  
          
          
          
          
          
          
Generation #83
Alive: 4
          
       O  
      O O 
       O  
          
          
          
          
          
          
Generation #84
Alive: 4
          
       O  
      O O 
       O  
          
          
          
          
          
          
Generation #85
Alive: 4
          
       O  
      O O 
       O  
          
          
          
          
          
          
Generation #86
Alive: 4
          
       O  
      O O 
       O  
          
          
          
          
          
          
Generation #87
Alive: 4
          
       O  
      O O 
       O  
          
          
          
          
          
          
Generation #88
Alive: 4
          
       O  
      O O 
       O  
          
          
          
          
          
          
Generation #89
Alive: 4
          
       O  
      O O 
       O  
          
          
          
          
          
          
Generation #90
Alive: 4
          
       O  
      O O 
       O  
          
          
          
          
          
          
Generation #91
Alive: 4
          
       O  
      O O 
       O  
          
          
          
          
          
          
Generation #92
Alive: 4
          
       O  
      O O 
       O  
          
          
          
          
          
          
Generation #93
Alive: 4
          
       O  
      O O 
       O  
          
          
          
          
          
          
Generation #94
Alive: 4
          
       O  
      O O 
       O  
          
          
          
          
          
          
Generation #95
Alive: 4
          
       O  
      O O 
       O  
          
          
          
          
          
          
Generation #96
Alive: 4
          
       O  
      O O 
       O  
          
          
          
          
          
          
Generation #97
Alive: 4
          
       O  
      O O 
       O  
          
          
          
          
          
          
Generation #98
Alive: 4
          
       O  
      O O 
       O  
          
          
          
          
          
          
Generation #99
Alive: 4
          
       O  
      O O 
       O  
          
          
          
          
          
          
Generation #100
Alive: 4
          
       O  
      O O 
       O  
          
          
          
          
          
          
?[1;31m
Start test 7?[0m
>5
 OOO 
  O  
OOO O
OOOO 
  OO 
Generation #1
Alive: 4
 O   
    O
    O
     
O    
Generation #2
Alive: 2
O    
O    
     
     
     
Generation #3
Alive: 0
     
     
     
     
     
Generation #4
Alive: 0
     
     
     
     
     
Generation #5
Alive: 0
     
     
     
     
     
Generation #6
Alive: 0
     
     
     
     
     
Generation #7
Alive: 0
     
     
     
     
     
Generation #8
Alive: 0
     
     
     
     
     
Generation #9
Alive: 0
     
     
     
     
     
Generation #10
Alive: 0
     
     
     
     
     
Generation #11
Alive: 0
     
     
     
     
     
Generation #12
Alive: 0
     
     
     
     
     
Generation #13
Alive: 0
     
     
     
     
     
Generation #14
Alive: 0
     
     
     
     
     
Generation #15
Alive: 0
     
     
     
     
     
Generation #16
Alive: 0
     
     
     
     
     
Generation #17
Alive: 0
     
     
     
     
     
Generation #18
Alive: 0
     
     
     
     
     
Generation #19
Alive: 0
     
     
     
     
     
Generation #20
Alive: 0
     
     
     
     
     
Generation #21
Alive: 0
     
     
     
     
     
Generation #22
Alive: 0
     
     
     
     
     
Generation #23
Alive: 0
     
     
     
     
     
Generation #24
Alive: 0
     
     
     
     
     
Generation #25
Alive: 0
     
     
     
     
     
Generation #26
Alive: 0
     
     
     
     
     
Generation #27
Alive: 0
     
     
     
     
     
Generation #28
Alive: 0
     
     
     
     
     
Generation #29
Alive: 0
     
     
     
     
     
Generation #30
Alive: 0
     
     
     
     
     
Generation #31
Alive: 0
     
     
     
     
     
Generation #32
Alive: 0
     
     
     
     
     
Generation #33
Alive: 0
     
     
     
     
     
Generation #34
Alive: 0
     
     
     
     
     
Generation #35
Alive: 0
     
     
     
     
     
Generation #36
Alive: 0
     
     
     
     
     
Generation #37
Alive: 0
     
     
     
     
     
Generation #38
Alive: 0
     
     
     
     
     
Generation #39
Alive: 0
     
     
     
     
     
Generation #40
Alive: 0
     
     
     
     
     
Generation #41
Alive: 0
     
     
     
     
     
Generation #42
Alive: 0
     
     
     
     
     
Generation #43
Alive: 0
     
     
     
     
     
Generation #44
Alive: 0
     
     
     
     
     
Generation #45
Alive: 0
     
     
     
     
     
Generation #46
Alive: 0
     
     
     
     
     
Generation #47
Alive: 0
     
     
     
     
     
Generation #48
Alive: 0
     
     
     
     
     
Generation #49
Alive: 0
     
     
     
     
     
Generation #50
Alive: 0
     
     
     
     
     
Generation #51
Alive: 0
     
     
     
     
     
Generation #52
Alive: 0
     
     
     
     
     
Generation #53
Alive: 0
     
     
     
     
     
Generation #54
Alive: 0
     
     
     
     
     
Generation #55
Alive: 0
     
     
     
     
     
Generation #56
Alive: 0
     
     
     
     
     
Generation #57
Alive: 0
     
     
     
     
     
Generation #58
Alive: 0
     
     
     
     
     
Generation #59
Alive: 0
     
     
     
     
     
Generation #60
Alive: 0
     
     
     
     
     
Generation #61
Alive: 0
     
     
     
     
     
Generation #62
Alive: 0
     
     
     
     
     
Generation #63
Alive: 0
     
     
     
     
     
Generation #64
Alive: 0
     
     
     
     
     
Generation #65
Alive: 0
     
     
     
     
     
Generation #66
Alive: 0
     
     
     
     
     
Generation #67
Alive: 0
     
     
     
     
     
Generation #68
Alive: 0
     
     
     
     
     
Generation #69
Alive: 0
     
     
     
     
     
Generation #70
Alive: 0
     
     
     
     
     
Generation #71
Alive: 0
     
     
     
     
     
Generation #72
Alive: 0
     
     
     
     
     
Generation #73
Alive: 0
     
     
     
     
     
Generation #74
Alive: 0
     
     
     
     
     
Generation #75
Alive: 0
     
     
     
     
     
Generation #76
Alive: 0
     
     
     
     
     
Generation #77
Alive: 0
     
     
     
     
     
Generation #78
Alive: 0
     
     
     
     
     
Generation #79
Alive: 0
     
     
     
     
     
Generation #80
Alive: 0
     
     
     
     
     
Generation #81
Alive: 0
     
     
     
     
     
Generation #82
Alive: 0
     
     
     
     
     
Generation #83
Alive: 0
     
     
     
     
     
Generation #84
Alive: 0
     
     
     
     
     
Generation #85
Alive: 0
     
     
     
     
     
Generation #86
Alive: 0
     
     
     
     
     
Generation #87
Alive: 0
     
     
     
     
     
Generation #88
Alive: 0
     
     
     
     
     
Generation #89
Alive: 0
     
     
     
     
     
Generation #90
Alive: 0
     
     
     
     
     
Generation #91
Alive: 0
     
     
     
     
     
Generation #92
Alive: 0
     
     
     
     
     
Generation #93
Alive: 0
     
     
     
     
     
Generation #94
Alive: 0
     
     
     
     
     
Generation #95
Alive: 0
     
     
     
     
     
Generation #96
Alive: 0
     
     
     
     
     
Generation #97
Alive: 0
     
     
     
     
     
Generation #98
Alive: 0
     
     
     
     
     
Generation #99
Alive: 0
     
     
     
     
     
Generation #100
Alive: 0
     
     
     
     
     
?[1;31m
Start test 8?[0m
>6
 O O  
 O OO 
OOO O 
OOOO  
 OO O 
  OOO 
Generation #1
Alive: 9
 O    
    OO
    O 
    O 
O   OO
    O 
Generation #2
Alive: 12
    OO
    OO
   OO 
   OO 
   OO 
O   O 
Generation #3
Alive: 4
O  O  
      
      
  O  O
      
      
Generation #4
Alive: 0
      
      
      
      
      
      
Generation #5
Alive: 0
      
      
      
      
      
      
Generation #6
Alive: 0
      
      
      
      
      
      
Generation #7
Alive: 0
      
      
      
      
      
      
Generation #8
Alive: 0
      
      
      
      
      
      
Generation #9
Alive: 0
      
      
      
      
      
      
Generation #10
Alive: 0
      
      
      
      
      
      
Generation #11
Alive: 0
      
      
      
      
      
      
Generation #12
Alive: 0
      
      
      
      
      
      
Generation #13
Alive: 0
      
      
      
      
      
      
Generation #14
Alive: 0
      
      
      
      
      
      
Generation #15
Alive: 0
      
      
      
      
      
      
Generation #16
Alive: 0
      
      
      
      
      
      
Generation #17
Alive: 0
      
      
      
      
      
      
Generation #18
Alive: 0
      
      
      
      
      
      
Generation #19
Alive: 0
      
      
      
      
      
      
Generation #20
Alive: 0
      
      
      
      
      
      
Generation #21
Alive: 0
      
      
      
      
      
      
Generation #22
Alive: 0
      
      
      
      
      
      
Generation #23
Alive: 0
      
      
      
      
      
      
Generation #24
Alive: 0
      
      
      
      
      
      
Generation #25
Alive: 0
      
      
      
      
      
      
Generation #26
Alive: 0
      
      
      
      
      
      
Generation #27
Alive: 0
      
      
      
      
      
      
Generation #28
Alive: 0
      
      
      
      
      
      
Generation #29
Alive: 0
      
      
      
      
      
      
Generation #30
Alive: 0
      
      
      
      
      
      
Generation #31
Alive: 0
      
      
      
      
      
      
Generation #32
Alive: 0
      
      
      
      
      
      
Generation #33
Alive: 0
      
      
      
      
      
      
Generation #34
Alive: 0
      
      
      
      
      
      
Generation #35
Alive: 0
      
      
      
      
      
      
Generation #36
Alive: 0
      
      
      
      
      
      
Generation #37
Alive: 0
      
      
      
      
      
      
Generation #38
Alive: 0
      
      
      
      
      
      
Generation #39
Alive: 0
      
      
      
      
      
      
Generation #40
Alive: 0
      
      
      
      
      
      
Generation #41
Alive: 0
      
      
      
      
      
      
Generation #42
Alive: 0
      
      
      
      
      
      
Generation #43
Alive: 0
      
      
      
      
      
      
Generation #44
Alive: 0
      
      
      
      
      
      
Generation #45
Alive: 0
      
      
      
      
      
      
Generation #46
Alive: 0
      
      
      
      
      
      
Generation #47
Alive: 0
      
      
      
      
      
      
Generation #48
Alive: 0
      
      
      
      
      
      
Generation #49
Alive: 0
      
      
      
      
      
      
Generation #50
Alive: 0
      
      
      
      
      
      
Generation #51
Alive: 0
      
      
      
      
      
      
Generation #52
Alive: 0
      
      
      
      
      
      
Generation #53
Alive: 0
      
      
      
      
      
      
Generation #54
Alive: 0
      
      
      
      
      
      
Generation #55
Alive: 0
      
      
      
      
      
      
Generation #56
Alive: 0
      
      
      
      
      
      
Generation #57
Alive: 0
      
      
      
      
      
      
Generation #58
Alive: 0
      
      
      
      
      
      
Generation #59
Alive: 0
      
      
      
      
      
      
Generation #60
Alive: 0
      
      
      
      
      
      
Generation #61
Alive: 0
      
      
      
      
      
      
Generation #62
Alive: 0
      
      
      
      
      
      
Generation #63
Alive: 0
      
      
      
      
      
      
Generation #64
Alive: 0
      
      
      
      
      
      
Generation #65
Alive: 0
      
      
      
      
      
      
Generation #66
Alive: 0
      
      
      
      
      
      
Generation #67
Alive: 0
      
      
      
      
      
      
Generation #68
Alive: 0
      
      
      
      
      
      
Generation #69
Alive: 0
      
      
      
      
      
      
Generation #70
Alive: 0
      
      
      
      
      
      
Generation #71
Alive: 0
      
      
      
      
      
      
Generation #72
Alive: 0
      
      
      
      
      
      
Generation #73
Alive: 0
      
      
      
      
      
      
Generation #74
Alive: 0
      
      
      
      
      
      
Generation #75
Alive: 0
      
      
      
      
      
      
Generation #76
Alive: 0
      
      
      
      
      
      
Generation #77
Alive: 0
      
      
      
      
      
      
Generation #78
Alive: 0
      
      
      
      
      
      
Generation #79
Alive: 0
      
      
      
      
      
      
Generation #80
Alive: 0
      
      
      
      
      
      
Generation #81
Alive: 0
      
      
      
      
      
      
Generation #82
Alive: 0
      
      
      
      
      
      
Generation #83
Alive: 0
      
      
      
      
      
      
Generation #84
Alive: 0
      
      
      
      
      
      
Generation #85
Alive: 0
      
      
      
      
      
      
Generation #86
Alive: 0
      
      
      
      
      
      
Generation #87
Alive: 0
      
      
      
      
      
      
Generation #88
Alive: 0
      
      
      
      
      
      
Generation #89
Alive: 0
      
      
      
      
      
      
Generation #90
Alive: 0
      
      
      
      
      
      
Generation #91
Alive: 0
      
      
      
      
      
      
Generation #92
Alive: 0
      
      
      
      
      
      
Generation #93
Alive: 0
      
      
      
      
      
      
Generation #94
Alive: 0
      
      
      
      
      
      
Generation #95
Alive: 0
      
      
      
      
      
      
Generation #96
Alive: 0
      
      
      
      
      
      
Generation #97
Alive: 0
      
      
      
      
      
      
Generation #98
Alive: 0
      
      
      
      
      
      
Generation #99
Alive: 0
      
      
      
      
      
      
Generation #100
Alive: 0
      
      
      
      
      
      
?[1;31m
Start test 9?[0m
>7
 OO   O
O O OO 
 O O  O
 OOOOOO
 O O OO
 O    O
 O O  O
Generation #1
Alive: 13
    O O
    OO 
       
 O     
 O O   
 O  O O
 O   OO
Generation #2
Alive: 12
O   O O
    OO 
       
  O    
 O     
 O  O O
    O O
Generation #3
Alive: 13
O  OO O
    OOO
       
       
OOO    
       
   OO O
Generation #4
Alive: 16
O      
O  OO O
     O 
 O     
 O     
OOOO   
O  OO O
Generation #5
Alive: 15
 O     
O   OOO
O   OOO
       
       
   OO O
   OO O
Generation #6
Alive: 13
   O   
 O  O  
O   O  
     OO
       
   OO  
O OOO  
Generation #7
Alive: 13
 O     
   OO  
O   O O
     OO
    OO 
  O O  
  O    
Generation #8
Alive: 19
  OO   
O  OOO 
O  OO O
O      
   OO O
    OO 
 OOO   
Generation #9
Alive: 12
       
OO   O 
OO O   
O      
   OO O
     O 
 O     
Generation #10
Alive: 18
OO     
OOO   O
  O    
OOOOO O
    OOO
    OO 
       
Generation #11
Alive: 14
  O   O
  O   O
     O 
OOO O O
 OO    
    O O
       
Generation #12
Alive: 13
       
     OO
  OO O 
O OO OO
  O   O
       
     O 
Generation #13
Alive: 17
     OO
    OOO
OOOO   
O    O 
OOOO OO
       
       
Generation #14
Alive: 20
    O O
 OOOO  
OOOO   
     O 
OOO OO 
OOO   O
       
Generation #15
Alive: 18
  O OO 
    OO 
O      
     O 
  OOOO 
  OO OO
 O   OO
Generation #16
Alive: 16
   O   
   OOOO
    OOO
   O OO
  O    
OO     
OO     
Generation #17
Alive: 19
O OO OO
   O  O
O      
   O  O
OOO   O
O O    
OOO    
Generation #18
Alive: 16
   OOO 
 OOOOO 
O     O
  O   O
  OO  O
   O   
       
Generation #19
Alive: 17
     O 
OOO    
O   O O
 OOO OO
  OO   
  OO   
   O   
Generation #20
Alive: 13
 OO    
OO   O 
    O  
 O   OO
       
    O  
  OOO  
Generation #21
Alive: 13
O   O  
OOO    
 O  O  
     O 
     O 
    O  
 OO O  
Generation #22
Alive: 17
O      
O OO   
OOO    
    OO 
    OO 
   OOO 
 O  OO 
Generation #23
Alive: 24
O OOO O
O OO  O
O O O O
 O OOOO
      O
   O  O
   O OO
Generation #24
Alive: 10
       
       
       
 OOOO  
  OO  O
O   O O
       
Generation #25
Alive: 9
       
       
  OO   
 O  O  
      O
O  O OO
       
Generation #26
Alive: 10
       
       
  OO   
  OO   
    O O
O    OO
      O
Generation #27
Alive: 12
       
       
  OO   
  O O  
O  OO O
O      
O    OO
Generation #28
Alive: 17
      O
       
  OO   
 OO OO 
OO OOOO
 O  O  
O     O
Generation #29
Alive: 14
O     O
       
 OOOO  
       
      O
 OOOO  
O    OO
Generation #30
Alive: 20
O    O 
OOOO   
  OO   
  OO   
  OO   
 OOOO  
  OOOO 
Generation #31
Alive: 13
O    O 
O  OO O
    O  
 O  O  
       
 O   O 
     OO
Generation #32
Alive: 12
O      
O  OO O
O   O  
       
       
     OO
O   OO 
Generation #33
Alive: 20
OO O   
OO OOOO
O  OOOO
       
       
    OOO
O   OO 
Generation #34
Alive: 13
   O   
       
 OOO   
    OOO
     O 
    O O
OO O   
Generation #35
Alive: 19
  O    
   O   
  OOOO 
  OOOOO
       
O   OOO
O OOO  
Generation #36
Alive: 15
 OO O  
       
      O
  O   O
O      
OO  OOO
O O O  
Generation #37
Alive: 9
 OO    
       
       
O     O
       
   OOO 
  O O  
Generation #38
Alive: 13
 OOO   
       
       
       
    OOO
   OOO 
 OO OO 
Generation #39
Alive: 10
 O OO  
  O    
       
     O 
   O  O
  O    
 O   O 
Generation #40
Alive: 9
 O OO  
  OO   
       
       
       
  O    
 O OO  
Generation #41
Alive: 8
 O     
  OOO  
       
       
       
  OO   
 O  O  
Generation #42
Alive: 9
 O  O  
  OO   
   O   
       
       
  OO   
 O O   
Generation #43
Alive: 12
 O  O  
  OOO  
  OO   
       
       
  OO   
 O OO  
Generation #44
Alive: 11
 O   O 
 O  O  
  O O  
       
       
  OOO  
 O  O  
Generation #45
Alive: 18
OOO OO 
 OOOOO 
   O   
       
   O   
  OOO  
 O  OO 
Generation #46
Alive: 12
O      
O    OO
   O   
       
  OOO  
  O  O 
O     O
Generation #47
Alive: 18
 O   O 
O     O
      O
  O O  
  OOO  
 OO OOO
OO    O
Generation #48
Alive: 14
 O   O 
O    OO
O    OO
  O OO 
       
    O O
    O  
Generation #49
Alive: 13
O   OO 
 O  O  
OO     
    OO 
   OO  
     O 
    O  
Generation #50
Alive: 19
   OOO 
 O  OOO
OO  OO 
   OOO 
   O   
   O O 
    O O
Generation #51
Alive: 17
O  O   
 OO    
OOO    
  OO OO
  OO O 
   O O 
      O
Generation #52
Alive: 16
OOO    
   O   
O     O
O    OO
     O 
  OO OO
    O O
Generation #53
Alive: 15
OOOO   
  O   O
O    O 
O    O 
O      
   O  O
    O O
Generation #54
Alive: 22
OOOO OO
  OO  O
OO   O 
OO     
O      
O    OO
 O  OOO
Generation #55
Alive: 4
       
   O   
       
       
       
 O  O  
   O   
Generation #56
Alive: 0
       
       
       
       
       
       
       
Generation #57
Alive: 0
       
       
       
       
       
       
       
Generation #58
Alive: 0
       
       
       
       
       
       
       
Generation #59
Alive: 0
       
       
       
       
       
       
       
Generation #60
Alive: 0
       
       
       
       
       
       
       
Generation #61
Alive: 0
       
       
       
       
       
       
       
Generation #62
Alive: 0
       
       
       
       
       
       
       
Generation #63
Alive: 0
       
       
       
       
       
       
       
Generation #64
Alive: 0
       
       
       
       
       
       
       
Generation #65
Alive: 0
       
       
       
       
       
       
       
Generation #66
Alive: 0
       
       
       
       
       
       
       
Generation #67
Alive: 0
       
       
       
       
       
       
       
Generation #68
Alive: 0
       
       
       
       
       
       
       
Generation #69
Alive: 0
       
       
       
       
       
       
       
Generation #70
Alive: 0
       
       
       
       
       
       
       
Generation #71
Alive: 0
       
       
       
       
       
       
       
Generation #72
Alive: 0
       
       
       
       
       
       
       
Generation #73
Alive: 0
       
       
       
       
       
       
       
Generation #74
Alive: 0
       
       
       
       
       
       
       
Generation #75
Alive: 0
       
       
       
       
       
       
       
Generation #76
Alive: 0
       
       
       
       
       
       
       
Generation #77
Alive: 0
       
       
       
       
       
       
       
Generation #78
Alive: 0
       
       
       
       
       
       
       
Generation #79
Alive: 0
       
       
       
       
       
       
       
Generation #80
Alive: 0
       
       
       
       
       
       
       
Generation #81
Alive: 0
       
       
       
       
       
       
       
Generation #82
Alive: 0
       
       
       
       
       
       
       
Generation #83
Alive: 0
       
       
       
       
       
       
       
Generation #84
Alive: 0
       
       
       
       
       
       
       
Generation #85
Alive: 0
       
       
       
       
       
       
       
Generation #86
Alive: 0
       
       
       
       
       
       
       
Generation #87
Alive: 0
       
       
       
       
       
       
       
Generation #88
Alive: 0
       
       
       
       
       
       
       
Generation #89
Alive: 0
       
       
       
       
       
       
       
Generation #90
Alive: 0
       
       
       
       
       
       
       
Generation #91
Alive: 0
       
       
       
       
       
       
       
Generation #92
Alive: 0
       
       
       
       
       
       
       
Generation #93
Alive: 0
       
       
       
       
       
       
       
Generation #94
Alive: 0
       
       
       
       
       
       
       
Generation #95
Alive: 0
       
       
       
       
       
       
       
Generation #96
Alive: 0
       
       
       
       
       
       
       
Generation #97
Alive: 0
       
       
       
       
       
       
       
Generation #98
Alive: 0
       
       
       
       
       
       
       
Generation #99
Alive: 0
       
       
       
       
       
       
       
Generation #100
Alive: 0
       
       
       
       
       
       
       
?[1;31m
Start test 10?[0m
>8
    OOOO
 O    OO
    O  O
  O OO O
 O OOOO 
O O  O O
O O O OO
  O  OO 
Generation #1
Alive: 16
O   O   
    O   
   OO  O
O O    O
 O      
  O     
O O O   
OO      
Generation #2
Alive: 24
OO      
    OO  
O  OO  O
OOOO   O
OOO     
  OO    
O OO    
O  O   O
Generation #3
Alive: 20
OO  O  O
 O OOO O
     OOO
    O   
       O
O       
O   O  O
   O   O
Generation #4
Alive: 18
 O   O O
 OOO    
O  O   O
     O O
        
O       
O      O
 O OO O 
Generation #5
Alive: 27
 O   OO 
 O OO OO
OO OO OO
O     OO
        
O      O
OO     O
 OO OOO 
Generation #6
Alive: 16
 O      
 O O    
 O OO   
 O   OO 
      O 
 O     O
  O  O  
  O O   
Generation #7
Alive: 26
 O O    
OO OO   
OO OOO  
  O OOO 
O    OOO
      O 
 OOO    
 OOO    
Generation #8
Alive: 15
        
     O  
O     OO
  O     
    O   
OOO  OO 
 O O    
O   O   
Generation #9
Alive: 18
        
      OO
      OO
       O
  OO O  
OOOOOO  
   OOO O
        
Generation #10
Alive: 14
        
      OO
O       
       O
O    OO 
OO      
OO   OO 
    O   
Generation #11
Alive: 14
        
       O
O     O 
O     OO
OO    O 
        
OO   O O
     O  
Generation #12
Alive: 13
        
       O
O     O 
     OO 
OO    O 
      O 
O     O 
O     O 
Generation #13
Alive: 15
       O
       O
     OO 
OO   OO 
      O 
OO   OO 
     OO 
        
Generation #14
Alive: 7
        
       O
O    O  
        
        
        
     OOO
      O 
Generation #15
Alive: 7
        
        
        
        
        
      O 
     OOO
     OOO
Generation #16
Alive: 6
      O 
        
        
        
        
     OOO
        
     O O
Generation #17
Alive: 6
      O 
        
        
        
      O 
      O 
     O O
      O 
Generation #18
Alive: 8
        
        
        
        
        
     OOO
     O O
     OOO
Generation #19
Alive: 8
      O 
        
        
        
      O 
     O O
O   O   
     O O
Generation #20
Alive: 12
      O 
        
        
        
      O 
     OOO
O   OO O
     OOO
Generation #21
Alive: 12
     OOO
        
        
        
     OOO
O   O   
O   O   
O   O   
Generation #22
Alive: 20
     OOO
      O 
        
      O 
     OOO
O   O O 
OO OOO O
O   O O 
Generation #23
Alive: 12
        
     OOO
        
     OOO
        
 O O    
 O O    
 O O    
Generation #24
Alive: 8
      O 
      O 
        
      O 
      O 
        
OO OO   
        
Generation #25
Alive: 0
        
        
        
        
        
        
        
        
Generation #26
Alive: 0
        
        
        
        
        
        
        
        
Generation #27
Alive: 0
        
        
        
        
        
        
        
        
Generation #28
Alive: 0
        
        
        
        
        
        
        
        
Generation #29
Alive: 0
        
        
        
        
        
        
        
        
Generation #30
Alive: 0
        
        
        
        
        
        
        
        
Generation #31
Alive: 0
        
        
        
        
        
        
        
        
Generation #32
Alive: 0
        
        
        
        
        
        
        
        
Generation #33
Alive: 0
        
        
        
        
        
        
        
        
Generation #34
Alive: 0
        
        
        
        
        
        
        
        
Generation #35
Alive: 0
        
        
        
        
        
        
        
        
Generation #36
Alive: 0
        
        
        
        
        
        
        
        
Generation #37
Alive: 0
        
        
        
        
        
        
        
        
Generation #38
Alive: 0
        
        
        
        
        
        
        
        
Generation #39
Alive: 0
        
        
        
        
        
        
        
        
Generation #40
Alive: 0
        
        
        
        
        
        
        
        
Generation #41
Alive: 0
        
        
        
        
        
        
        
        
Generation #42
Alive: 0
        
        
        
        
        
        
        
        
Generation #43
Alive: 0
        
        
        
        
        
        
        
        
Generation #44
Alive: 0
        
        
        
        
        
        
        
        
Generation #45
Alive: 0
        
        
        
        
        
        
        
        
[...]
         
         
         
         
         
         
         
         
Generation #46
Alive: 0
         
         
         
         
         
         
         
         
         
Generation #47
Alive: 0
         
         
         
         
         
         
         
         
         
Generation #48
Alive: 0
         
         
         
         
         
         
         
         
         
Generation #49
Alive: 0
         
         
         
         
         
         
         
         
         
Generation #50
Alive: 0
         
         
         
         
         
         
         
         
         
Generation #51
Alive: 0
         
         
         
         
         
         
         
         
         
Generation #52
Alive: 0
         
         
         
         
         
         
         
         
         
Generation #53
Alive: 0
         
         
         
         
         
         
         
         
         
Generation #54
Alive: 0
         
         
         
         
         
         
         
         
         
Generation #55
Alive: 0
         
         
         
         
         
         
         
         
         
Generation #56
Alive: 0
         
         
         
         
         
         
         
         
         
Generation #57
Alive: 0
         
         
         
         
         
         
         
         
         
Generation #58
Alive: 0
         
         
         
         
         
         
         
         
         
Generation #59
Alive: 0
         
         
         
         
         
         
         
         
         
Generation #60
Alive: 0
         
         
         
         
         
         
         
         
         
Generation #61
Alive: 0
         
         
         
         
         
         
         
         
         
Generation #62
Alive: 0
         
         
         
         
         
         
         
         
         
Generation #63
Alive: 0
         
         
         
         
         
         
         
         
         
Generation #64
Alive: 0
         
         
         
         
         
         
         
         
         
Generation #65
Alive: 0
         
         
         
         
         
         
         
         
         
Generation #66
Alive: 0
         
         
         
         
         
         
         
         
         
Generation #67
Alive: 0
         
         
         
         
         
         
         
         
         
Generation #68
Alive: 0
         
         
         
         
         
         
         
         
         
Generation #69
Alive: 0
         
         
         
         
         
         
         
         
         
Generation #70
Alive: 0
         
         
         
         
         
         
         
         
         
Generation #71
Alive: 0
         
         
         
         
         
         
         
         
         
Generation #72
Alive: 0
         
         
         
         
         
         
         
         
         
Generation #73
Alive: 0
         
         
         
         
         
         
         
         
         
Generation #74
Alive: 0
         
         
         
         
         
         
         
         
         
Generation #75
Alive: 0
         
         
         
         
         
         
         
         
         
Generation #76
Alive: 0
         
         
         
         
         
         
         
         
         
Generation #77
Alive: 0
         
         
         
         
         
         
         
         
         
Generation #78
Alive: 0
         
         
         
         
         
         
         
         
         
Generation #79
Alive: 0
         
         
         
         
         
         
         
         
         
Generation #80
Alive: 0
         
         
         
         
         
         
         
         
         
Generation #81
Alive: 0
         
         
         
         
         
         
         
         
         
Generation #82
Alive: 0
         
         
         
         
         
         
         
         
         
Generation #83
Alive: 0
         
         
         
         
         
         
         
         
         
Generation #84
Alive: 0
         
         
         
         
         
         
         
         
         
Generation #85
Alive: 0
         
         
         
         
         
         
         
         
         
Generation #86
Alive: 0
         
         
         
         
         
         
         
         
         
Generation #87
Alive: 0
         
         
         
         
         
         
         
         
         
Generation #88
Alive: 0
         
         
         
         
         
         
         
         
         
Generation #89
Alive: 0
         
         
         
         
         
         
         
         
         
Generation #90
Alive: 0
         
         
         
         
         
         
         
         
         
Generation #91
Alive: 0
         
         
         
         
         
         
         
         
         
Generation #92
Alive: 0
         
         
         
         
         
         
         
         
         
Generation #93
Alive: 0
         
         
         
         
         
         
         
         
         
Generation #94
Alive: 0
         
         
         
         
         
         
         
         
         
Generation #95
Alive: 0
         
         
         
         
         
         
         
         
         
Generation #96
Alive: 0
         
         
         
         
         
         
         
         
         
Generation #97
Alive: 0
         
         
         
         
         
         
         
         
         
Generation #98
Alive: 0
         
         
         
         
         
         
         
         
         
Generation #99
Alive: 0
         
         
         
         
         
         
         
         
         
Generation #100
Alive: 0
         
         
         
         
         
         
         
         
         
?[1;31m
Start test 12?[0m
>10
   OOO   O
 O OOOOO  
OOO  OO O 
  OO  O   
OOOOO  O O
 OO  O    
   O OOO  
O  OOOOOOO
  OOO    O
 OOOO   OO
Generation #1
Alive: 27
 O     O O
 O     OOO
O         
      O O 
O   OOO   
     O OO 
OO O     O
O        O
      O   
 O      OO
Generation #2
Alive: 24
 OO    O  
 O     O O
O         
      OO O
    O   OO
 O   O OO 
 O        
 O       O
        O 
       OOO
Generation #3
Alive: 30
 OO   OO O
 OO     O 
O     OO O
O      O O
O    O   O
O      OOO
 OO     O 
O         
O      O  
       O O
Generation #4
Alive: 25
 OO   OO O
  O       
      OO  
 O     O  
 O    OO  
       O  
 O     OO 
O        O
O       OO
 O     O O
Generation #5
Alive: 24
 OO   OO  
 OO     O 
      OO  
        O 
      OOO 
          
O      OOO
 O     O  
 O        
 OO   OO  
Generation #6
Alive: 27
O  O  O O 
 OO     O 
       OO 
        O 
       OO 
      O   
O      OOO
 O     O O
OO    OO  
O     OO  
Generation #7
Alive: 24
O O   O O 
 OO     O 
       OOO
         O
       OO 
      O   
O     OO O
 O        
 O       O
O    O  O 
Generation #8
Alive: 25
O O     O 
OOO       
O      O O
         O
       OO 
      O  O
O     OO  
 O      OO
 O       O
O      OO 
Generation #9
Alive: 28
O O    OO 
  O     O 
        OO
O      O O
       OOO
      O  O
O     OO  
 O     OOO
 O     O  
O      OO 
Generation #10
Alive: 18
          
 O        
O      O  
O      O  
      OO  
O     O  O
O     O   
 O       O
 O    O   
O     O   
Generation #11
Alive: 16
          
          
OO        
       OO 
O     OOOO
O    OO  O
 O        
 O        
 O        
          
Generation #12
Alive: 11
          
          
          
 O    O   
O    O    
 O   OO   
 O        
OOO       
          
          
Generation #13
Alive: 11
          
          
          
          
OO   O    
OO   OO   
          
OOO       
 O        
          
Generation #14
Alive: 15
          
          
          
          
OO   OO   
OO   OO   
  O       
OOO       
OOO       
          
Generation #15
Alive: 14
          
          
          
          
OO   OO   
O O  OO   
  O       
O  O      
O O       
 O        
Generation #16
Alive: 15
          
          
          
          
OO   OO   
O O  OO   
  OO      
  OO      
O O       
 O        
Generation #17
Alive: 14
          
          
          
          
OO   OO   
O OOOOO   
    O     
          
  OO      
 O        
Generation #18
Alive: 13
          
          
          
          
OOOO  O   
O OO  O   
    O     
   O      
  O       
  O       
Generation #19
Alive: 12
          
          
          
 OO       
O  O      
O   OO    
  O O     
   O      
  OO      
          
Generation #20
Alive: 14
          
          
          
 OO       
O OOO     
 O  OO    
    OO    
    O     
  OO      
          
Generation #21
Alive: 11
          
          
          
 OO       
O   OO    
 OO       
   O      
    OO    
   O      
          
Generation #22
Alive: 13
          
          
          
 O        
O  O      
 OOOO     
  OOO     
   OO     
    O     
          
Generation #23
Alive: 10
          
          
          
          
O  OO     
 O        
 O   O    
  O  O    
   OO     
          
Generation #24
Alive: 11
          
          
          
          
          
OOO O     
 OO       
  OO O    
   OO     
          
Generation #25
Alive: 10
          
          
          
          
 O        
O OO      
O   O     
 O        
  OOO     
          
Generation #26
Alive: 14
          
          
          
          
 OO       
O OO      
O OO      
 OO O     
  OO      
   O      
Generation #27
Alive: 11
          
          
          
          
 OOO      
O         
O   O     
    O     
 O  O     
  OO      
Generation #28
Alive: 13
          
          
          
  O       
 OO       
O OO      
          
   OOO    
  O O     
  OO      
Generation #29
Alive: 12
          
          
          
 OO       
          
  OO      
  O       
   OOO    
  O  O    
  OO      
Generation #30
Alive: 13
          
          
          
          
 O O      
  OO      
  O       
  OOOO    
  O  O    
  OO      
Generation #31
Alive: 12
          
          
          
          
   O      
 O O      
 O        
 OO OO    
 O   O    
  OO      
Generation #32
Alive: 13
          
          
          
          
  O       
          
OO OO     
OOO OO    
 O   O    
  O       
Generation #33
Alive: 12
          
          
          
          
          
 OOO      
O  OOO    
     O    
O  OOO    
          
Generation #34
Alive: 11
          
          
          
          
  O       
 OOO      
 O O O    
      O   
    OO    
    O     
Generation #35
Alive: 14
          
          
          
          
 OOO      
 O OO     
 O OO     
      O   
    OO    
    OO    
Generation #36
Alive: 14
          
          
          
  O       
 O OO     
OO        
   OOO    
   O      
    O O   
    OO    
Generation #37
Alive: 16
          
          
          
  OO      
OO O      
OO   O    
  OOO     
   O      
   OO     
    OO    
Generation #38
Alive: 16
          
          
          
 OOO      
O  OO     
O         
 OOOO     
          
   O O    
   OOO    
Generation #39
Alive: 17
    O     
          
  O       
 OOOO     
O  OO     
O         
 OOO      
          
   O O    
   O O    
Generation #40
Alive: 15
    O     
          
 OO       
 O  O     
O   O     
O   O     
 OO       
   OO     
          
   O O    
Generation #41
Alive: 21
    O     
          
 OO       
OOOO      
OO OOO    
O  O      
 OO O     
  OO      
   O      
    O     
Generation #42
Alive: 14
          
          
O  O      
          
         O
O    O    
 O  O     
 O  O     
  OOO     
   OO     
Generation #43
Alive: 12
          
          
          
          
          
O         
OO  OO    
 O  OO    
  O  O    
  O O     
Generation #44
Alive: 15
          
          
          
          
          
OO        
OO  OO    
OOOO  O   
 OO  O    
   O      
Generation #45
Alive: 11
          
          
          
          
          
OO        
   OOO   O
   O  O   
O   O     
  O       
Generation #46
Alive: 9
          
          
          
          
          
O   O     
O OOOO    
   O      
   O      
          
Generation #47
Alive: 6
          
          
          
          
          
 O  OO    
 OO  O    
          
          
          
Generation #48
Alive: 8
          
          
          
          
          
 OO OO    
 OO OO    
          
          
          
Generation #49
Alive: 8
          
          
          
          
          
 OO OO    
 OO OO    
          
          
          
Generation #50
Alive: 8
          
          
          
          
          
 OO OO    
 OO OO    
          
          
          
Generation #51
Alive: 8
          
          
          
          
          
 OO OO    
 OO OO    
          
          
          
Generation #52
Alive: 8
          
          
          
          
          
 OO OO    
 OO OO    
          
          
          
Generation #53
Alive: 8
          
          
          
          
          
 OO OO    
 OO OO    
          
          
          
Generation #54
Alive: 8
          
          
          
          
          
 OO OO    
 OO OO    
          
          
          
Generation #55
Alive: 8
          
          
          
          
          
 OO OO    
 OO OO    
          
          
          
Generation #56
Alive: 8
          
          
          
          
          
 OO OO    
 OO OO    
          
          
          
Generation #57
Alive: 8
          
          
          
          
          
 OO OO    
 OO OO    
          
          
          
Generation #58
Alive: 8
          
          
          
          
          
 OO OO    
 OO OO    
          
          
          
Generation #59
Alive: 8
          
          
          
          
          
 OO OO    
 OO OO    
          
          
          
Generation #60
Alive: 8
          
          
          
          
          
 OO OO    
 OO OO    
          
          
          
Generation #61
Alive: 8
          
          
          
          
          
 OO OO    
 OO OO    
          
          
          
Generation #62
Alive: 8
          
          
          
          
          
 OO OO    
 OO OO    
          
          
          
Generation #63
Alive: 8
          
          
          
          
          
 OO OO    
 OO OO    
          
          
          
Generation #64
Alive: 8
          
          
          
          
          
 OO OO    
 OO OO    
          
          
          
Generation #65
Alive: 8
          
          
          
          
          
 OO OO    
 OO OO    
          
          
          
Generation #66
Alive: 8
          
          
          
          
          
 OO OO    
 OO OO    
          
          
          
Generation #67
Alive: 8
          
          
          
          
          
 OO OO    
 OO OO    
          
          
          
Generation #68
Alive: 8
          
          
          
          
          
 OO OO    
 OO OO    
          
          
          
Generation #69
Alive: 8
          
          
          
          
          
 OO OO    
 OO OO    
          
          
          
Generation #70
Alive: 8
          
          
          
          
          
 OO OO    
 OO OO    
          
          
          
Generation #71
Alive: 8
          
          
          
          
          
 OO OO    
 OO OO    
          
          
          
Generation #72
Alive: 8
          
          
          
          
          
 OO OO    
 OO OO    
          
          
          
Generation #73
Alive: 8
          
          
          
          
          
 OO OO    
 OO OO    
          
          
          
Generation #74
Alive: 8
          
          
          
          
          
 OO OO    
 OO OO    
          
          
          
Generation #75
Alive: 8
          
          
          
          
          
 OO OO    
 OO OO    
          
          
          
Generation #76
Alive: 8
          
          
          
          
          
 OO OO    
 OO OO    
          
          
          
Generation #77
Alive: 8
          
          
          
          
          
 OO OO    
 OO OO    
          
          
          
Generation #78
Alive: 8
          
          
          
          
          
 OO OO    
 OO OO    
          
          
          
Generation #79
Alive: 8
          
          
          
          
          
 OO OO    
 OO OO    
          
          
          
Generation #80
Alive: 8
          
          
          
          
          
 OO OO    
 OO OO    
          
          
          
Generation #81
Alive: 8
          
          
          
          
          
 OO OO    
 OO OO    
          
          
          
Generation #82
Alive: 8
          
          
          
          
          
 OO OO    
 OO OO    
          
          
          
Generation #83
Alive: 8
          
          
          
          
          
 OO OO    
 OO OO    
          
          
          
Generation #84
Alive: 8
          
          
          
          
          
 OO OO    
 OO OO    
          
          
          
Generation #85
Alive: 8
          
          
          
          
          
 OO OO    
 OO OO    
          
          
          
Generation #86
Alive: 8
          
          
          
          
          
 OO OO    
 OO OO    
          
          
          
Generation #87
Alive: 8
          
          
          
          
          
 OO OO    
 OO OO    
          
          
          
Generation #88
Alive: 8
          
          
          
          
          
 OO OO    
 OO OO    
          
          
          
Generation #89
Alive: 8
          
          
          
          
          
 OO OO    
 OO OO    
          
          
          
Generation #90
Alive: 8
          
          
          
          
          
 OO OO    
 OO OO    
          
          
          
Generation #91
Alive: 8
          
          
          
          
          
 OO OO    
 OO OO    
          
          
          
Generation #92
Alive: 8
          
          
          
          
          
 OO OO    
 OO OO    
          
          
          
Generation #93
Alive: 8
          
          
          
          
          
 OO OO    
 OO OO    
          
          
          
Generation #94
Alive: 8
          
          
          
          
          
 OO OO    
 OO OO    
          
          
          
Generation #95
Alive: 8
          
          
          
          
          
 OO OO    
 OO OO    
          
          
          
Generation #96
Alive: 8
          
          
          
          
          
 OO OO    
 OO OO    
          
          
          
Generation #97
Alive: 8
          
          
          
          
          
 OO OO    
 OO OO    
          
          
          
Generation #98
Alive: 8
          
          
          
          
          
 OO OO    
 OO OO    
          
          
          
Generation #99
Alive: 8
          
          
          
          
          
 OO OO    
 OO OO    
          
          
          
Generation #100
Alive: 8
          
          
          
          
          
 OO OO    
 OO OO    
          
          
          
]]></system-out>
  <system-err><![CDATA[]]></system-err>
</testsuite>
